This is pdfTeX, Version 3.1415926-2.3-1.40.12 (MiKTeX 2.9) (preloaded format=pdflatex 2016.5.28)  25 APR 2017 12:40
entering extended mode
**FoldingNet2.0.tex

(E:\image_lab\packaging_folding\FoldingNetGit\FoldingNet\FoldingNet_Doc\Folding
Net2.0.tex
LaTeX2e <2011/06/27>
Babel <v3.8m> and hyphenation patterns for loaded.

(E:\image_lab\packaging_folding\FoldingNetGit\FoldingNet\FoldingNet_Doc\acmsigg
raph.cls
Document Class: acmsiggraph 2015/11/04 v0.92 ACM SIGGRAPH class
\ACMpointsize=\skip41
("D:\Program Files\CTEX\MiKTeX\tex\latex\base\article.cls"
Document Class: article 2007/10/19 v1.4h Standard LaTeX document class
("D:\Program Files\CTEX\MiKTeX\tex\latex\base\size10.clo"
File: size10.clo 2007/10/19 v1.4h Standard LaTeX file (size option)
)
\c@part=\count79
\c@section=\count80
\c@subsection=\count81
\c@subsubsection=\count82
\c@paragraph=\count83
\c@subparagraph=\count84
\c@figure=\count85
\c@table=\count86
\abovecaptionskip=\skip42
\belowcaptionskip=\skip43
\bibindent=\dimen102
)
("D:\Program Files\CTEX\MiKTeX\tex\latex\ams\math\amsmath.sty"
Package: amsmath 2000/07/18 v2.13 AMS math features
\@mathmargin=\skip44

For additional information on amsmath, use the `?' option.
("D:\Program Files\CTEX\MiKTeX\tex\latex\ams\math\amstext.sty"
Package: amstext 2000/06/29 v2.01

("D:\Program Files\CTEX\MiKTeX\tex\latex\ams\math\amsgen.sty"
File: amsgen.sty 1999/11/30 v2.0
\@emptytoks=\toks14
\ex@=\dimen103
))
("D:\Program Files\CTEX\MiKTeX\tex\latex\ams\math\amsbsy.sty"
Package: amsbsy 1999/11/29 v1.2d
\pmbraise@=\dimen104
)
("D:\Program Files\CTEX\MiKTeX\tex\latex\ams\math\amsopn.sty"
Package: amsopn 1999/12/14 v2.01 operator names
)
\inf@bad=\count87
LaTeX Info: Redefining \frac on input line 211.
\uproot@=\count88
\leftroot@=\count89
LaTeX Info: Redefining \overline on input line 307.
\classnum@=\count90
\DOTSCASE@=\count91
LaTeX Info: Redefining \ldots on input line 379.
LaTeX Info: Redefining \dots on input line 382.
LaTeX Info: Redefining \cdots on input line 467.
\Mathstrutbox@=\box26
\strutbox@=\box27
\big@size=\dimen105
LaTeX Font Info:    Redeclaring font encoding OML on input line 567.
LaTeX Font Info:    Redeclaring font encoding OMS on input line 568.
\macc@depth=\count92
\c@MaxMatrixCols=\count93
\dotsspace@=\muskip10
\c@parentequation=\count94
\dspbrk@lvl=\count95
\tag@help=\toks15
\row@=\count96
\column@=\count97
\maxfields@=\count98
\andhelp@=\toks16
\eqnshift@=\dimen106
\alignsep@=\dimen107
\tagshift@=\dimen108
\tagwidth@=\dimen109
\totwidth@=\dimen110
\lineht@=\dimen111
\@envbody=\toks17
\multlinegap=\skip45
\multlinetaggap=\skip46
\mathdisplay@stack=\toks18
LaTeX Info: Redefining \[ on input line 2666.
LaTeX Info: Redefining \] on input line 2667.
)
("D:\Program Files\CTEX\MiKTeX\tex\latex\lineno\lineno.sty"
Package: lineno 2005/11/02 line numbers on paragraphs v4.41
\linenopenalty=\count99
\output=\toks19
\linenoprevgraf=\count100
\linenumbersep=\dimen112
\linenumberwidth=\dimen113
\c@linenumber=\count101
\c@pagewiselinenumber=\count102
\c@LN@truepage=\count103
\c@internallinenumber=\count104
\c@internallinenumbers=\count105
\quotelinenumbersep=\dimen114
\bframerule=\dimen115
\bframesep=\dimen116
\bframebox=\box28
LaTeX Info: Redefining \\ on input line 3056.
)
("D:\Program Files\CTEX\MiKTeX\tex\latex\psnfss\helvet.sty"
Package: helvet 2005/04/12 PSNFSS-v9.2a (WaS) 

("D:\Program Files\CTEX\MiKTeX\tex\latex\graphics\keyval.sty"
Package: keyval 1999/03/16 v1.13 key=value parser (DPC)
\KV@toks@=\toks20
))
("D:\Program Files\CTEX\MiKTeX\tex\latex\psnfss\times.sty"
Package: times 2005/04/12 PSNFSS-v9.2a (SPQR) 
)
("D:\Program Files\CTEX\MiKTeX\tex\latex\graphics\graphicx.sty"
Package: graphicx 1999/02/16 v1.0f Enhanced LaTeX Graphics (DPC,SPQR)

("D:\Program Files\CTEX\MiKTeX\tex\latex\graphics\graphics.sty"
Package: graphics 2009/02/05 v1.0o Standard LaTeX Graphics (DPC,SPQR)

("D:\Program Files\CTEX\MiKTeX\tex\latex\graphics\trig.sty"
Package: trig 1999/03/16 v1.09 sin cos tan (DPC)
)
("D:\Program Files\CTEX\MiKTeX\tex\latex\00miktex\graphics.cfg"
File: graphics.cfg 2007/01/18 v1.5 graphics configuration of teTeX/TeXLive
)
Package graphics Info: Driver file: pdftex.def on input line 91.

("D:\Program Files\CTEX\MiKTeX\tex\latex\pdftex-def\pdftex.def"
File: pdftex.def 2011/05/27 v0.06d Graphics/color for pdfTeX

("D:\Program Files\CTEX\MiKTeX\tex\generic\oberdiek\infwarerr.sty"
Package: infwarerr 2010/04/08 v1.3 Providing info/warning/message (HO)
)
("D:\Program Files\CTEX\MiKTeX\tex\generic\oberdiek\ltxcmds.sty"
Package: ltxcmds 2011/04/18 v1.20 LaTeX kernel commands for general use (HO)
)
\Gread@gobject=\count106
))
\Gin@req@height=\dimen117
\Gin@req@width=\dimen118
)
("D:\Program Files\CTEX\MiKTeX\tex\latex\caption\caption.sty"
Package: caption 2011/11/10 v3.2e Customizing captions (AR)

("D:\Program Files\CTEX\MiKTeX\tex\latex\caption\caption3.sty"
Package: caption3 2011/11/01 v1.4a caption3 kernel (AR)
\captionmargin=\dimen119
\captionmargin@=\dimen120
\captionwidth=\dimen121
\caption@indent=\dimen122
\caption@parindent=\dimen123
\caption@hangindent=\dimen124
)
\c@ContinuedFloat=\count107
)
("D:\Program Files\CTEX\MiKTeX\tex\latex\ltxmisc\parskip.sty"
Package: parskip 2001/04/09 non-zero parskip adjustments
)
\bibhang=\skip47
\titlespace=\skip48
\teaserspace=\skip49
\@ACMabs=\toks21

("D:\Program Files\CTEX\MiKTeX\tex\latex\comment\comment.sty"
\CommentStream=\write3

Excluding comment 'comment') Excluding comment 'CCSXML'
("D:\Program Files\CTEX\MiKTeX\tex\latex\ltxmisc\url.sty"
\Urlmuskip=\muskip11
Package: url 2006/04/12  ver 3.3  Verb mode for urls, etc.
)
(E:\image_lab\packaging_folding\FoldingNetGit\FoldingNet\FoldingNet_Doc\acmcopy
right.sty
Package: acmcopyright 2014/06/29 v1.2 Copyright statements for ACM classes
 ("D:\Program Files\CTEX\MiKTeX\tex\latex\xkeyval\xkeyval.sty"
Package: xkeyval 2008/08/13 v2.6a package option processing (HA)

("D:\Program Files\CTEX\MiKTeX\tex\generic\xkeyval\xkeyval.tex"
\XKV@toks=\toks22
\XKV@tempa@toks=\toks23
\XKV@depth=\count108
File: xkeyval.tex 2008/08/13 v2.6a key=value parser (HA)
)))
("D:\Program Files\CTEX\MiKTeX\tex\generic\oberdiek\ifpdf.sty"
Package: ifpdf 2011/01/30 v2.3 Provides the ifpdf switch (HO)
Package ifpdf Info: pdfTeX in PDF mode is detected.
)
("D:\Program Files\CTEX\MiKTeX\tex\latex\hyperref\hyperref.sty"
Package: hyperref 2012/02/06 v6.82o Hypertext links for LaTeX

("D:\Program Files\CTEX\MiKTeX\tex\generic\oberdiek\hobsub-hyperref.sty"
Package: hobsub-hyperref 2011/04/23 v1.4 Bundle oberdiek, subset hyperref (HO)

("D:\Program Files\CTEX\MiKTeX\tex\generic\oberdiek\hobsub-generic.sty"
Package: hobsub-generic 2011/04/23 v1.4 Bundle oberdiek, subset generic (HO)
Package: hobsub 2011/04/23 v1.4 Subsetting bundle oberdiek (HO)
Package hobsub Info: Skipping package `infwarerr' (already loaded).
Package hobsub Info: Skipping package `ltxcmds' (already loaded).
Package: ifluatex 2010/03/01 v1.3 Provides the ifluatex switch (HO)
Package ifluatex Info: LuaTeX not detected.
Package: ifvtex 2010/03/01 v1.5 Switches for detecting VTeX and its modes (HO)
Package ifvtex Info: VTeX not detected.
Package: intcalc 2007/09/27 v1.1 Expandable integer calculations (HO)
Package hobsub Info: Skipping package `ifpdf' (already loaded).
Package: etexcmds 2011/02/16 v1.5 Prefix for e-TeX command names (HO)
Package etexcmds Info: Could not find \expanded.
(etexcmds)             That can mean that you are not using pdfTeX 1.50 or
(etexcmds)             that some package has redefined \expanded.
(etexcmds)             In the latter case, load this package earlier.
Package: kvsetkeys 2011/04/07 v1.13 Key value parser (HO)
Package: kvdefinekeys 2011/04/07 v1.3 Defining keys (HO)
Package: pdftexcmds 2011/04/22 v0.16 Utilities of pdfTeX for LuaTeX (HO)
Package pdftexcmds Info: LuaTeX not detected.
Package pdftexcmds Info: \pdf@primitive is available.
Package pdftexcmds Info: \pdf@ifprimitive is available.
Package pdftexcmds Info: \pdfdraftmode found.
Package: pdfescape 2011/04/04 v1.12 Provides string conversions (HO)
Package: bigintcalc 2011/01/30 v1.2 Expandable big integer calculations (HO)
Package: bitset 2011/01/30 v1.1 Data type bit set (HO)
Package: uniquecounter 2011/01/30 v1.2 Provides unlimited unique counter (HO)
)
Package hobsub Info: Skipping package `hobsub' (already loaded).
Package: letltxmacro 2010/09/02 v1.4 Let assignment for LaTeX macros (HO)
Package: hopatch 2011/01/30 v1.0 Wrapper for package hooks (HO)
Package: xcolor-patch 2011/01/30 xcolor patch
Package: atveryend 2011/04/23 v1.7 Hooks at very end of document (HO)
Package: atbegshi 2011/01/30 v1.15 At begin shipout hook (HO)
Package: refcount 2010/12/01 v3.2 Data extraction from references (HO)
Package: hycolor 2011/01/30 v1.7 Color options of hyperref/bookmark (HO)
)
("D:\Program Files\CTEX\MiKTeX\tex\generic\ifxetex\ifxetex.sty"
Package: ifxetex 2010/09/12 v0.6 Provides ifxetex conditional
)
("D:\Program Files\CTEX\MiKTeX\tex\latex\oberdiek\kvoptions.sty"
Package: kvoptions 2010/12/23 v3.10 Keyval support for LaTeX options (HO)
)
\@linkdim=\dimen125
\Hy@linkcounter=\count109
\Hy@pagecounter=\count110

("D:\Program Files\CTEX\MiKTeX\tex\latex\hyperref\pd1enc.def"
File: pd1enc.def 2012/02/06 v6.82o Hyperref: PDFDocEncoding definition (HO)
)
\Hy@SavedSpaceFactor=\count111

("D:\Program Files\CTEX\MiKTeX\tex\latex\00miktex\hyperref.cfg"
File: hyperref.cfg 2002/06/06 v1.2 hyperref configuration of TeXLive
)
Package hyperref Info: Option `breaklinks' set `true' on input line 3925.
Package hyperref Info: Option `hyperfootnotes' set `false' on input line 3925.
Package hyperref Info: Option `bookmarks' set `false' on input line 3925.
Package hyperref Info: Hyper figures OFF on input line 4046.
Package hyperref Info: Link nesting OFF on input line 4051.
Package hyperref Info: Hyper index ON on input line 4054.
Package hyperref Info: Plain pages OFF on input line 4061.
Package hyperref Info: Backreferencing OFF on input line 4066.
Package hyperref Info: Implicit mode ON; LaTeX internals redefined.
Package hyperref Info: Bookmarks OFF on input line 4290.
\c@Hy@tempcnt=\count112
LaTeX Info: Redefining \url on input line 4637.
\Fld@menulength=\count113
\Field@Width=\dimen126
\Fld@charsize=\dimen127
Package hyperref Info: Hyper figures OFF on input line 5757.
Package hyperref Info: Link nesting OFF on input line 5762.
Package hyperref Info: Hyper index ON on input line 5765.
Package hyperref Info: backreferencing OFF on input line 5772.
Package hyperref Info: Link coloring OFF on input line 5777.
Package hyperref Info: Link coloring with OCG OFF on input line 5782.
Package hyperref Info: PDF/A mode OFF on input line 5787.
LaTeX Info: Redefining \ref on input line 5827.
LaTeX Info: Redefining \pageref on input line 5831.
\Hy@abspage=\count114
\c@Item=\count115
)

Package hyperref Message: Driver: hpdftex.

("D:\Program Files\CTEX\MiKTeX\tex\latex\hyperref\hpdftex.def"
File: hpdftex.def 2012/02/06 v6.82o Hyperref driver for pdfTeX
\Fld@listcount=\count116
\c@bookmark@seq@number=\count117

("D:\Program Files\CTEX\MiKTeX\tex\latex\oberdiek\rerunfilecheck.sty"
Package: rerunfilecheck 2011/04/15 v1.7 Rerun checks for auxiliary files (HO)
Package uniquecounter Info: New unique counter `rerunfilecheck' on input line 2
82.
)
\Hy@SectionHShift=\skip50
)
Package hyperref Info: Option `colorlinks' set `true' on input line 548.
Package hyperref Info: Option `breaklinks' set `true' on input line 548.
)
("D:\Program Files\CTEX\MiKTeX\tex\latex\amsfonts\amssymb.sty"
Package: amssymb 2009/06/22 v3.00

("D:\Program Files\CTEX\MiKTeX\tex\latex\amsfonts\amsfonts.sty"
Package: amsfonts 2009/06/22 v3.00 Basic AMSFonts support
\symAMSa=\mathgroup4
\symAMSb=\mathgroup5
LaTeX Font Info:    Overwriting math alphabet `\mathfrak' in version `bold'
(Font)                  U/euf/m/n --> U/euf/b/n on input line 96.
))
("D:\Program Files\CTEX\MiKTeX\tex\latex\subfigure\subfigure.sty"
Package: subfigure 2002/07/30 v2.1.4 subfigure package
\subfigtopskip=\skip51
\subfigcapskip=\skip52
\subfigcaptopadj=\dimen128
\subfigbottomskip=\skip53
\subfigcapmargin=\dimen129
\subfiglabelskip=\skip54
\c@subfigure=\count118
\c@lofdepth=\count119
\c@subtable=\count120
\c@lotdepth=\count121

****************************************
* Local config file subfigure.cfg used *
****************************************
("D:\Program Files\CTEX\MiKTeX\tex\latex\subfigure\subfigure.cfg")
\subfig@top=\skip55
\subfig@bottom=\skip56
)
(E:\image_lab\packaging_folding\FoldingNetGit\FoldingNet\FoldingNet_Doc\Folding
Net2.0.aux)
LaTeX Font Info:    Checking defaults for OML/cmm/m/it on input line 64.
LaTeX Font Info:    ... okay on input line 64.
LaTeX Font Info:    Checking defaults for T1/cmr/m/n on input line 64.
LaTeX Font Info:    ... okay on input line 64.
LaTeX Font Info:    Checking defaults for OT1/cmr/m/n on input line 64.
LaTeX Font Info:    ... okay on input line 64.
LaTeX Font Info:    Checking defaults for OMS/cmsy/m/n on input line 64.
LaTeX Font Info:    ... okay on input line 64.
LaTeX Font Info:    Checking defaults for OMX/cmex/m/n on input line 64.
LaTeX Font Info:    ... okay on input line 64.
LaTeX Font Info:    Checking defaults for U/cmr/m/n on input line 64.
LaTeX Font Info:    ... okay on input line 64.
LaTeX Font Info:    Checking defaults for PD1/pdf/m/n on input line 64.
LaTeX Font Info:    ... okay on input line 64.
LaTeX Font Info:    Try loading font information for OT1+ptm on input line 64.
 ("D:\Program Files\CTEX\MiKTeX\tex\latex\psnfss\ot1ptm.fd"
File: ot1ptm.fd 2001/06/04 font definitions for OT1/ptm.
)
("D:\Program Files\CTEX\MiKTeX\tex\context\base\supp-pdf.mkii"
[Loading MPS to PDF converter (version 2006.09.02).]
\scratchcounter=\count122
\scratchdimen=\dimen130
\scratchbox=\box29
\nofMPsegments=\count123
\nofMParguments=\count124
\everyMPshowfont=\toks24
\MPscratchCnt=\count125
\MPscratchDim=\dimen131
\MPnumerator=\count126
\makeMPintoPDFobject=\count127
\everyMPtoPDFconversion=\toks25
)
Package caption Info: Begin \AtBeginDocument code.
Package caption Info: hyperref package is loaded.
Package caption Info: subfigure package is loaded.
Package caption Info: End \AtBeginDocument code.
\AtBeginShipoutBox=\box30
 ("D:\Program Files\CTEX\MiKTeX\tex\latex\graphics\color.sty"
Package: color 2005/11/14 v1.0j Standard LaTeX Color (DPC)

("D:\Program Files\CTEX\MiKTeX\tex\latex\00miktex\color.cfg"
File: color.cfg 2007/01/18 v1.5 color configuration of teTeX/TeXLive
)
Package color Info: Driver file: pdftex.def on input line 130.
)
Package hyperref Info: Link coloring ON on input line 64.

("D:\Program Files\CTEX\MiKTeX\tex\latex\hyperref\nameref.sty"
Package: nameref 2010/04/30 v2.40 Cross-referencing by name of section

("D:\Program Files\CTEX\MiKTeX\tex\generic\oberdiek\gettitlestring.sty"
Package: gettitlestring 2010/12/03 v1.4 Cleanup title references (HO)
)
\c@section@level=\count128
)
LaTeX Info: Redefining \ref on input line 64.
LaTeX Info: Redefining \pageref on input line 64.
LaTeX Info: Redefining \nameref on input line 64.
LaTeX Font Info:    Try loading font information for OT1+phv on input line 74.

("D:\Program Files\CTEX\MiKTeX\tex\latex\psnfss\ot1phv.fd"
File: ot1phv.fd 2001/06/04 scalable font definitions for OT1/phv.
)
LaTeX Font Info:    Font shape `OT1/phv/m/n' will be
(Font)              scaled to size 13.24796pt on input line 74.
LaTeX Font Info:    Font shape `OT1/phv/bx/n' in size <14.4> not available
(Font)              Font shape `OT1/phv/b/n' tried instead on input line 74.
LaTeX Font Info:    Font shape `OT1/phv/b/n' will be
(Font)              scaled to size 13.24796pt on input line 74.

<images/teaser.jpg, id=3, 925.4575pt x 179.67125pt>
File: images/teaser.jpg Graphic file (type jpg)
 <use images/teaser.jpg>
Package pdftex.def Info: images/teaser.jpg used on input line 74.
(pdftex.def)             Requested size: 521.16167pt x 101.17755pt.


Package caption Warning: The option `hypcap=true' will be ignored for this
(caption)                particular \caption on input line 74.
See the caption package documentation for explanation.


Overfull \hbox (15.27167pt too wide) in paragraph at lines 74--74
 [][] 
 []

LaTeX Font Info:    Font shape `OT1/ptm/bx/n' in size <9> not available
(Font)              Font shape `OT1/ptm/b/n' tried instead on input line 74.
LaTeX Font Info:    Font shape `OT1/ptm/bx/it' in size <9> not available
(Font)              Font shape `OT1/ptm/b/it' tried instead on input line 74.
LaTeX Font Info:    Font shape `OT1/phv/m/n' will be
(Font)              scaled to size 11.03998pt on input line 80.
LaTeX Font Info:    Font shape `OT1/phv/bx/n' in size <12> not available
(Font)              Font shape `OT1/phv/b/n' tried instead on input line 80.
LaTeX Font Info:    Font shape `OT1/phv/b/n' will be
(Font)              scaled to size 11.03998pt on input line 80.
LaTeX Font Info:    Font shape `OT1/phv/m/n' will be
(Font)              scaled to size 4.59999pt on input line 80.
LaTeX Font Info:    Try loading font information for U+msa on input line 118.
("D:\Program Files\CTEX\MiKTeX\tex\latex\amsfonts\umsa.fd"
File: umsa.fd 2009/06/22 v3.00 AMS symbols A
)
LaTeX Font Info:    Try loading font information for U+msb on input line 118.

("D:\Program Files\CTEX\MiKTeX\tex\latex\amsfonts\umsb.fd"
File: umsb.fd 2009/06/22 v3.00 AMS symbols B
)
LaTeX Font Info:    Try loading font information for OMS+ptm on input line 118.


("D:\Program Files\CTEX\MiKTeX\tex\latex\psnfss\omsptm.fd"
File: omsptm.fd 
)
LaTeX Font Info:    Font shape `OMS/ptm/m/n' in size <8> not available
(Font)              Font shape `OMS/cmsy/m/n' tried instead on input line 118.

Underfull \hbox (badness 1496) in paragraph at lines 132--133
\OT1/ptm/b/n/9 Reconsturction from s-in-gle line draw-ings. \OT1/ptm/m/n/9 Line
 draw-ings
 []

Missing character: There is no Ã in font ptmr7t!
Missing character: There is no § in font ptmr7t!
[1{D:/Program Files/CTEX/UserData/pdftex/config/pdftex.map{Unicode.sfd}{UGBK.sf
d}}


 <E:/image_lab/packaging_folding/FoldingNetGit/FoldingNet/FoldingNet_Doc/images
/teaser.jpg>]
(E:\image_lab\packaging_folding\FoldingNetGit\FoldingNet\FoldingNet_Doc\formula
tion.tex
LaTeX Font Info:    Font shape `OT1/phv/m/n' will be
(Font)              scaled to size 9.19998pt on input line 3.
LaTeX Font Info:    Font shape `OT1/phv/bx/n' in size <10> not available
(Font)              Font shape `OT1/phv/b/n' tried instead on input line 3.
LaTeX Font Info:    Font shape `OT1/phv/b/n' will be
(Font)              scaled to size 9.19998pt on input line 3.
 <images/approximation.jpg, id=59, 4266.94125pt x 1356.06625pt>
File: images/approximation.jpg Graphic file (type jpg)

<use images/approximation.jpg>
Package pdftex.def Info: images/approximation.jpg used on input line 7.
(pdftex.def)             Requested size: 216.81pt x 68.90395pt.

Underfull \hbox (badness 10000) in paragraph at lines 31--32

 []

LaTeX Font Info:    Font shape `OT1/phv/m/n' will be
(Font)              scaled to size 8.27998pt on input line 32.
LaTeX Font Info:    Font shape `OT1/phv/bx/n' in size <9> not available
(Font)              Font shape `OT1/phv/b/n' tried instead on input line 32.
LaTeX Font Info:    Font shape `OT1/phv/b/n' will be
(Font)              scaled to size 8.27998pt on input line 32.

Overfull \hbox (3.83223pt too wide) detected at line 42
[]
 []


Underfull \hbox (badness 1087) in paragraph at lines 42--44
\OT1/ptm/m/n/9 in which the $\OML/cmm/m/it/9 d\OT1/cmr/m/n/9 (\OML/cmm/m/it/9 e
[]; e[]\OT1/cmr/m/n/9 )$ \OT1/ptm/m/n/9 is the eu-clidean dis-tance be-tween th
e
 []


Underfull \hbox (badness 10000) in paragraph at lines 42--44

 []


Underfull \vbox (badness 10000) has occurred while \output is active []

 [2 <E:/image_lab/packaging_folding/FoldingNetGit/FoldingNet/FoldingNet_Doc/ima
ges/approximation.jpg>] <images/method3.png, id=90, 688.82344pt x 516.42938pt>
File: images/method3.png Graphic file (type png)

<use images/method3.png>
Package pdftex.def Info: images/method3.png used on input line 90.
(pdftex.def)             Requested size: 216.81pt x 162.55003pt.
)
(E:\image_lab\packaging_folding\FoldingNetGit\FoldingNet\FoldingNet_Doc\experim
ent.tex <images/databaseflow.jpg, id=94, 3202.96625pt x 1011.78pt>
File: images/databaseflow.jpg Graphic file (type jpg)

<use images/databaseflow.jpg>
Package pdftex.def Info: images/databaseflow.jpg used on input line 17.
(pdftex.def)             Requested size: 216.81pt x 68.48518pt.
LaTeX Font Info:    Font shape `OMS/ptm/m/n' in size <9> not available
(Font)              Font shape `OMS/cmsy/m/n' tried instead on input line 51.
 [3 <E:/image_lab/packaging_folding/FoldingNetGit/FoldingNet/FoldingNet_Doc/ima
ges/method3.png> <E:/image_lab/packaging_folding/FoldingNetGit/FoldingNet/Foldi
ngNet_Doc/images/databaseflow.jpg>]
Underfull \hbox (badness 1264) in paragraph at lines 68--69
[]\OT1/ptm/m/n/9 Finally we can get the cor-re-spond-ing 3D re-al-iza-tion $[] 
\OT1/cmr/m/n/9 =$
 []

<images/comparison/001i.png, id=117, 863.47594pt x 536.75531pt>
File: images/comparison/001i.png Graphic file (type png)

<use images/comparison/001i.png>
Package pdftex.def Info: images/comparison/001i.png used on input line 76.
(pdftex.def)             Requested size: 91.53064pt x 56.9055pt.

<images/comparison/001o.png, id=118, 635.37375pt x 444.91219pt>
File: images/comparison/001o.png Graphic file (type png)

<use images/comparison/001o.png>
Package pdftex.def Info: images/comparison/001o.png used on input line 80.
(pdftex.def)             Requested size: 81.26357pt x 56.9055pt.

<images/comparison/001-1-1.png, id=119, 329.73187pt x 335.75438pt>
File: images/comparison/001-1-1.png Graphic file (type png)

<use images/comparison/001-1-1.png>
Package pdftex.def Info: images/comparison/001-1-1.png used on input line 84.
(pdftex.def)             Requested size: 55.8826pt x 56.9055pt.

<images/comparison/001-2-1.png, id=120, 341.02406pt x 363.60844pt>
File: images/comparison/001-2-1.png Graphic file (type png)

<use images/comparison/001-2-1.png>
Package pdftex.def Info: images/comparison/001-2-1.png used on input line 88.
(pdftex.def)             Requested size: 53.36813pt x 56.9055pt.

<images/comparison/001-3-1.png, id=121, 343.2825pt x 299.61937pt>
File: images/comparison/001-3-1.png Graphic file (type png)

<use images/comparison/001-3-1.png>
Package pdftex.def Info: images/comparison/001-3-1.png used on input line 92.
(pdftex.def)             Requested size: 65.19815pt x 56.9055pt.

<images/comparison/002i.png, id=122, 587.94656pt x 559.33969pt>
File: images/comparison/002i.png Graphic file (type png)

<use images/comparison/002i.png>
Package pdftex.def Info: images/comparison/002i.png used on input line 98.
(pdftex.def)             Requested size: 59.81186pt x 56.9055pt.

<images/comparison/002o.png, id=123, 577.40718pt x 470.50781pt>
File: images/comparison/002o.png Graphic file (type png)

<use images/comparison/002o.png>
Package pdftex.def Info: images/comparison/002o.png used on input line 102.
(pdftex.def)             Requested size: 69.83212pt x 56.9055pt.

<images/comparison/002-1-1.png, id=124, 299.61937pt x 250.68657pt>
File: images/comparison/002-1-1.png Graphic file (type png)

<use images/comparison/002-1-1.png>
Package pdftex.def Info: images/comparison/002-1-1.png used on input line 106.
(pdftex.def)             Requested size: 68.01035pt x 56.9055pt.

<images/comparison/002-2-1.png, id=125, 339.51843pt x 347.79938pt>
File: images/comparison/002-2-1.png Graphic file (type png)

<use images/comparison/002-2-1.png>
Package pdftex.def Info: images/comparison/002-2-1.png used on input line 110.
(pdftex.def)             Requested size: 55.54668pt x 56.9055pt.

<images/comparison/002-3-1.png, id=126, 347.04657pt x 300.3722pt>
File: images/comparison/002-3-1.png Graphic file (type png)

<use images/comparison/002-3-1.png>
Package pdftex.def Info: images/comparison/002-3-1.png used on input line 114.
(pdftex.def)             Requested size: 65.74359pt x 56.9055pt.

<images/comparison/004i.png, id=127, 735.49782pt x 478.78876pt>
File: images/comparison/004i.png Graphic file (type png)

<use images/comparison/004i.png>
Package pdftex.def Info: images/comparison/004i.png used on input line 120.
(pdftex.def)             Requested size: 87.41422pt x 56.9055pt.

<images/comparison/004o.png, id=128, 563.10374pt x 587.94656pt>
File: images/comparison/004o.png Graphic file (type png)

<use images/comparison/004o.png>
Package pdftex.def Info: images/comparison/004o.png used on input line 124.
(pdftex.def)             Requested size: 54.5007pt x 56.9055pt.

<images/comparison/004-1-1.png, id=129, 329.73187pt x 336.50719pt>
File: images/comparison/004-1-1.png Graphic file (type png)

<use images/comparison/004-1-1.png>
Package pdftex.def Info: images/comparison/004-1-1.png used on input line 128.
(pdftex.def)             Requested size: 55.75682pt x 56.9055pt.

<images/comparison/004-2-1.png, id=130, 339.51843pt x 405.76593pt>
File: images/comparison/004-2-1.png Graphic file (type png)

<use images/comparison/004-2-1.png>
Package pdftex.def Info: images/comparison/004-2-1.png used on input line 132.
(pdftex.def)             Requested size: 47.61514pt x 56.9055pt.

<images/comparison/004-3-1.png, id=131, 333.49594pt x 394.47375pt>
File: images/comparison/004-3-1.png Graphic file (type png)

<use images/comparison/004-3-1.png>
Package pdftex.def Info: images/comparison/004-3-1.png used on input line 136.
(pdftex.def)             Requested size: 48.10886pt x 56.9055pt.

<images/comparison/005i.png, id=132, 603.0028pt x 584.1825pt>
File: images/comparison/005i.png Graphic file (type png)

<use images/comparison/005i.png>
Package pdftex.def Info: images/comparison/005i.png used on input line 142.
(pdftex.def)             Requested size: 58.73042pt x 56.9055pt.

<images/comparison/005o.png, id=133, 468.24937pt x 515.67656pt>
File: images/comparison/005o.png Graphic file (type png)

<use images/comparison/005o.png>
Package pdftex.def Info: images/comparison/005o.png used on input line 146.
(pdftex.def)             Requested size: 51.67192pt x 56.9055pt.

<images/comparison/005-1-1.png, id=134, 347.79938pt x 370.38374pt>
File: images/comparison/005-1-1.png Graphic file (type png)

<use images/comparison/005-1-1.png>
Package pdftex.def Info: images/comparison/005-1-1.png used on input line 150.
(pdftex.def)             Requested size: 53.43071pt x 56.9055pt.

<images/comparison/005-2-1.png, id=135, 339.51843pt x 368.87813pt>
File: images/comparison/005-2-1.png Graphic file (type png)

<use images/comparison/005-2-1.png>
Package pdftex.def Info: images/comparison/005-2-1.png used on input line 154.
(pdftex.def)             Requested size: 52.37613pt x 56.9055pt.

<images/comparison/005-3-1.png, id=136, 349.305pt x 462.22687pt>
File: images/comparison/005-3-1.png Graphic file (type png)

<use images/comparison/005-3-1.png>
Package pdftex.def Info: images/comparison/005-3-1.png used on input line 158.
(pdftex.def)             Requested size: 43.00209pt x 56.9055pt.
File: images/comparison/001i.png Graphic file (type png)
 <use images/comparison/001i.png>
Package pdftex.def Info: images/comparison/001i.png used on input line 168.
(pdftex.def)             Requested size: 91.53064pt x 56.9055pt.
File: images/comparison/001o.png Graphic file (type png)

<use images/comparison/001o.png>
Package pdftex.def Info: images/comparison/001o.png used on input line 172.
(pdftex.def)             Requested size: 81.26357pt x 56.9055pt.

<images/comparison/001-1-2.png, id=137, 346.29375pt x 289.83281pt>
File: images/comparison/001-1-2.png Graphic file (type png)

<use images/comparison/001-1-2.png>
Package pdftex.def Info: images/comparison/001-1-2.png used on input line 176.
(pdftex.def)             Requested size: 67.98935pt x 56.9055pt.

<images/comparison/001-2-2.png, id=138, 343.2825pt x 300.3722pt>
File: images/comparison/001-2-2.png Graphic file (type png)

<use images/comparison/001-2-2.png>
Package pdftex.def Info: images/comparison/001-2-2.png used on input line 180.
(pdftex.def)             Requested size: 65.03053pt x 56.9055pt.

<images/comparison/001-3-2.png, id=139, 347.04657pt x 292.84406pt>
File: images/comparison/001-3-2.png Graphic file (type png)

<use images/comparison/001-3-2.png>
Package pdftex.def Info: images/comparison/001-3-2.png used on input line 184.
(pdftex.def)             Requested size: 67.43816pt x 56.9055pt.
File: images/comparison/002i.png Graphic file (type png)
 <use images/comparison/002i.png>
Package pdftex.def Info: images/comparison/002i.png used on input line 190.
(pdftex.def)             Requested size: 59.81186pt x 56.9055pt.
File: images/comparison/002o.png Graphic file (type png)

<use images/comparison/002o.png>
Package pdftex.def Info: images/comparison/002o.png used on input line 194.
(pdftex.def)             Requested size: 69.83212pt x 56.9055pt.

<images/comparison/002-1-2.png, id=140, 344.03531pt x 299.61937pt>
File: images/comparison/002-1-2.png Graphic file (type png)

<use images/comparison/002-1-2.png>
Package pdftex.def Info: images/comparison/002-1-2.png used on input line 198.
(pdftex.def)             Requested size: 65.34114pt x 56.9055pt.

<images/comparison/002-2-2.png, id=141, 348.55219pt x 307.90031pt>
File: images/comparison/002-2-2.png Graphic file (type png)

<use images/comparison/002-2-2.png>
Package pdftex.def Info: images/comparison/002-2-2.png used on input line 202.
(pdftex.def)             Requested size: 64.41731pt x 56.9055pt.

<images/comparison/002-3-2.png, id=142, 344.03531pt x 295.1025pt>
File: images/comparison/002-3-2.png Graphic file (type png)

<use images/comparison/002-3-2.png>
Package pdftex.def Info: images/comparison/002-3-2.png used on input line 206.
(pdftex.def)             Requested size: 66.33855pt x 56.9055pt.
File: images/comparison/004i.png Graphic file (type png)
 <use images/comparison/004i.png>
Package pdftex.def Info: images/comparison/004i.png used on input line 212.
(pdftex.def)             Requested size: 87.41422pt x 56.9055pt.
File: images/comparison/004o.png Graphic file (type png)

<use images/comparison/004o.png>
Package pdftex.def Info: images/comparison/004o.png used on input line 216.
(pdftex.def)             Requested size: 54.5007pt x 56.9055pt.

<images/comparison/004-1-2.png, id=143, 336.50719pt x 352.31625pt>
File: images/comparison/004-1-2.png Graphic file (type png)

<use images/comparison/004-1-2.png>
Package pdftex.def Info: images/comparison/004-1-2.png used on input line 220.
(pdftex.def)             Requested size: 54.35057pt x 56.9055pt.

<images/comparison/004-2-2.png, id=144, 338.76563pt x 410.2828pt>
File: images/comparison/004-2-2.png Graphic file (type png)

<use images/comparison/004-2-2.png>
Package pdftex.def Info: images/comparison/004-2-2.png used on input line 224.
(pdftex.def)             Requested size: 46.98232pt x 56.9055pt.

<images/comparison/004-3-2.png, id=145, 323.70938pt x 342.5297pt>
File: images/comparison/004-3-2.png Graphic file (type png)

<use images/comparison/004-3-2.png>
Package pdftex.def Info: images/comparison/004-3-2.png used on input line 228.
(pdftex.def)             Requested size: 53.77525pt x 56.9055pt.
File: images/comparison/005i.png Graphic file (type png)
 <use images/comparison/005i.png>
Package pdftex.def Info: images/comparison/005i.png used on input line 234.
(pdftex.def)             Requested size: 58.73042pt x 56.9055pt.
File: images/comparison/005o.png Graphic file (type png)

<use images/comparison/005o.png>
Package pdftex.def Info: images/comparison/005o.png used on input line 238.
(pdftex.def)             Requested size: 51.67192pt x 56.9055pt.

<images/comparison/005-1-2.png, id=146, 341.77687pt x 426.84468pt>
File: images/comparison/005-1-2.png Graphic file (type png)

<use images/comparison/005-1-2.png>
Package pdftex.def Info: images/comparison/005-1-2.png used on input line 242.
(pdftex.def)             Requested size: 45.56422pt x 56.9055pt.

<images/comparison/005-2-2.png, id=147, 344.03531pt x 458.46281pt>
File: images/comparison/005-2-2.png Graphic file (type png)

<use images/comparison/005-2-2.png>
Package pdftex.def Info: images/comparison/005-2-2.png used on input line 246.
(pdftex.def)             Requested size: 42.69983pt x 56.9055pt.

<images/comparison/005-3-2.png, id=148, 332.74312pt x 408.02437pt>
File: images/comparison/005-3-2.png Graphic file (type png)

<use images/comparison/005-3-2.png>
Package pdftex.def Info: images/comparison/005-3-2.png used on input line 250.
(pdftex.def)             Requested size: 46.406pt x 56.9055pt.

<images/comparison/1-1.png, id=149, 314.67563pt x 286.06876pt>
File: images/comparison/1-1.png Graphic file (type png)

<use images/comparison/1-1.png>
Package pdftex.def Info: images/comparison/1-1.png used on input line 260.
(pdftex.def)             Requested size: 62.5931pt x 56.9055pt.

<images/comparison/2-1.png, id=150, 342.5297pt x 245.41687pt>
File: images/comparison/2-1.png Graphic file (type png)

<use images/comparison/2-1.png>
Package pdftex.def Info: images/comparison/2-1.png used on input line 264.
(pdftex.def)             Requested size: 79.42303pt x 56.9055pt.

<images/comparison/4-1.png, id=151, 315.42844pt x 237.88875pt>
File: images/comparison/4-1.png Graphic file (type png)

<use images/comparison/4-1.png>
Package pdftex.def Info: images/comparison/4-1.png used on input line 268.
(pdftex.def)             Requested size: 75.45409pt x 56.9055pt.

<images/comparison/5-1.png, id=152, 340.27126pt x 287.57437pt>
File: images/comparison/5-1.png Graphic file (type png)

<use images/comparison/5-1.png>
Package pdftex.def Info: images/comparison/5-1.png used on input line 272.
(pdftex.def)             Requested size: 67.33133pt x 56.9055pt.
File: images/comparison/001-3-1.png Graphic file (type png)
 <use images/comparison/001-3-1.png>
Package pdftex.def Info: images/comparison/001-3-1.png used on input line 276.
(pdftex.def)             Requested size: 65.19815pt x 56.9055pt.

<images/comparison/1-2.png, id=153, 325.215pt x 294.34969pt>
File: images/comparison/1-2.png Graphic file (type png)

<use images/comparison/1-2.png>
Package pdftex.def Info: images/comparison/1-2.png used on input line 282.
(pdftex.def)             Requested size: 62.86832pt x 56.9055pt.

<images/comparison/2-2.png, id=154, 345.54094pt x 277.78781pt>
File: images/comparison/2-2.png Graphic file (type png)

<use images/comparison/2-2.png>
Package pdftex.def Info: images/comparison/2-2.png used on input line 286.
(pdftex.def)             Requested size: 70.78362pt x 56.9055pt.

<images/comparison/4-2.png, id=155, 336.50719pt x 299.61937pt>
File: images/comparison/4-2.png Graphic file (type png)

<use images/comparison/4-2.png>
Package pdftex.def Info: images/comparison/4-2.png used on input line 290.
(pdftex.def)             Requested size: 63.91135pt x 56.9055pt.

<images/comparison/5-2.png, id=156, 328.97906pt x 279.29344pt>
File: images/comparison/5-2.png Graphic file (type png)

<use images/comparison/5-2.png>
Package pdftex.def Info: images/comparison/5-2.png used on input line 294.
(pdftex.def)             Requested size: 67.02951pt x 56.9055pt.
File: images/comparison/002-3-1.png Graphic file (type png)
 <use images/comparison/002-3-1.png>
Package pdftex.def Info: images/comparison/002-3-1.png used on input line 298.
(pdftex.def)             Requested size: 65.74359pt x 56.9055pt.

<images/comparison/1-3.png, id=157, 328.22626pt x 377.91188pt>
File: images/comparison/1-3.png Graphic file (type png)

<use images/comparison/1-3.png>
Package pdftex.def Info: images/comparison/1-3.png used on input line 304.
(pdftex.def)             Requested size: 49.42212pt x 56.9055pt.

<images/comparison/2-3.png, id=158, 282.30469pt x 377.15906pt>
File: images/comparison/2-3.png Graphic file (type png)

<use images/comparison/2-3.png>
Package pdftex.def Info: images/comparison/2-3.png used on input line 308.
(pdftex.def)             Requested size: 42.5937pt x 56.9055pt.

<images/comparison/4-3.png, id=159, 268.75406pt x 353.82187pt>
File: images/comparison/4-3.png Graphic file (type png)

<use images/comparison/4-3.png>
Package pdftex.def Info: images/comparison/4-3.png used on input line 312.
(pdftex.def)             Requested size: 43.22296pt x 56.9055pt.

<images/comparison/5-3.png, id=160, 316.93407pt x 328.22626pt>
File: images/comparison/5-3.png Graphic file (type png)

<use images/comparison/5-3.png>
Package pdftex.def Info: images/comparison/5-3.png used on input line 316.
(pdftex.def)             Requested size: 54.94684pt x 56.9055pt.
File: images/comparison/004-3-1.png Graphic file (type png)
 <use images/comparison/004-3-1.png>
Package pdftex.def Info: images/comparison/004-3-1.png used on input line 320.
(pdftex.def)             Requested size: 48.10886pt x 56.9055pt.

<images/comparison/1-4.png, id=161, 316.93407pt x 363.60844pt>
File: images/comparison/1-4.png Graphic file (type png)

<use images/comparison/1-4.png>
Package pdftex.def Info: images/comparison/1-4.png used on input line 326.
(pdftex.def)             Requested size: 49.59819pt x 56.9055pt.

<images/comparison/2-4.png, id=162, 320.69812pt x 368.1253pt>
File: images/comparison/2-4.png Graphic file (type png)

<use images/comparison/2-4.png>
Package pdftex.def Info: images/comparison/2-4.png used on input line 330.
(pdftex.def)             Requested size: 49.57066pt x 56.9055pt.

<images/comparison/4-4.png, id=163, 322.20375pt x 423.83344pt>
File: images/comparison/4-4.png Graphic file (type png)

<use images/comparison/4-4.png>
Package pdftex.def Info: images/comparison/4-4.png used on input line 334.
(pdftex.def)             Requested size: 43.25963pt x 56.9055pt.

<images/comparison/5-4.png, id=164, 277.78781pt x 317.68687pt>
File: images/comparison/5-4.png Graphic file (type png)

<use images/comparison/5-4.png>
Package pdftex.def Info: images/comparison/5-4.png used on input line 338.
(pdftex.def)             Requested size: 49.75803pt x 56.9055pt.
File: images/comparison/005-3-1.png Graphic file (type png)
 <use images/comparison/005-3-1.png>
Package pdftex.def Info: images/comparison/005-3-1.png used on input line 342.
(pdftex.def)             Requested size: 43.00209pt x 56.9055pt.
)
(E:\image_lab\packaging_folding\FoldingNetGit\FoldingNet\FoldingNet_Doc\Folding
Net2.0.bbl
Missing character: There is no Ã in font ptmrc7t!
Missing character: There is no § in font ptmrc7t!
Missing character: There is no â in font ptmr7t!
Missing character: There is no € in font ptmr7t!
Missing character: There is no “ in font ptmr7t!
Missing character: There is no Ã in font ptmr7t!
Missing character: There is no ¼ in font ptmr7t!
Missing character: There is no â in font ptmr7t!
Missing character: There is no € in font ptmr7t!
Missing character: There is no “ in font ptmr7t!

Underfull \hbox (badness 4518) in paragraph at lines 124--128
[]\OT1/ptm/m/sc/9 Wikipedia\OT1/ptm/m/n/9 , 2016.  Cheby-chev-gr-blerkutzbach c
ri-te-ri-on ---
 []


Underfull \hbox (badness 1629) in paragraph at lines 124--128
\OT1/ptm/m/n/9 wikipedi-a, the free en-cy-clo-pe-di-a.  [On-line; ac-cessed 30-

 []

)
Package atveryend Info: Empty hook `BeforeClearDocument' on input line 355.
 [4] [5 <E:/image_lab/packaging_folding/FoldingNetGit/FoldingNet/FoldingNet_Doc
/images/comparison/001i.png> <E:/image_lab/packaging_folding/FoldingNetGit/Fold
ingNet/FoldingNet_Doc/images/comparison/001o.png> <E:/image_lab/packaging_foldi
ng/FoldingNetGit/FoldingNet/FoldingNet_Doc/images/comparison/001-1-1.png> <E:/i
mage_lab/packaging_folding/FoldingNetGit/FoldingNet/FoldingNet_Doc/images/compa
rison/001-2-1.png> <E:/image_lab/packaging_folding/FoldingNetGit/FoldingNet/Fol
dingNet_Doc/images/comparison/001-3-1.png> <E:/image_lab/packaging_folding/Fold
ingNetGit/FoldingNet/FoldingNet_Doc/images/comparison/002i.png> <E:/image_lab/p
ackaging_folding/FoldingNetGit/FoldingNet/FoldingNet_Doc/images/comparison/002o
.png> <E:/image_lab/packaging_folding/FoldingNetGit/FoldingNet/FoldingNet_Doc/i
mages/comparison/002-1-1.png> <E:/image_lab/packaging_folding/FoldingNetGit/Fol
dingNet/FoldingNet_Doc/images/comparison/002-2-1.png> <E:/image_lab/packaging_f
olding/FoldingNetGit/FoldingNet/FoldingNet_Doc/images/comparison/002-3-1.png> <
E:/image_lab/packaging_folding/FoldingNetGit/FoldingNet/FoldingNet_Doc/images/c
omparison/004i.png> <E:/image_lab/packaging_folding/FoldingNetGit/FoldingNet/Fo
ldingNet_Doc/images/comparison/004o.png> <E:/image_lab/packaging_folding/Foldin
gNetGit/FoldingNet/FoldingNet_Doc/images/comparison/004-1-1.png> <E:/image_lab/
packaging_folding/FoldingNetGit/FoldingNet/FoldingNet_Doc/images/comparison/004
-2-1.png> <E:/image_lab/packaging_folding/FoldingNetGit/FoldingNet/FoldingNet_D
oc/images/comparison/004-3-1.png> <E:/image_lab/packaging_folding/FoldingNetGit
/FoldingNet/FoldingNet_Doc/images/comparison/005i.png> <E:/image_lab/packaging_
folding/FoldingNetGit/FoldingNet/FoldingNet_Doc/images/comparison/005o.png> <E:
/image_lab/packaging_folding/FoldingNetGit/FoldingNet/FoldingNet_Doc/images/com
parison/005-1-1.png> <E:/image_lab/packaging_folding/FoldingNetGit/FoldingNet/F
oldingNet_Doc/images/comparison/005-2-1.png> <E:/image_lab/packaging_folding/Fo
ldingNetGit/FoldingNet/FoldingNet_Doc/images/comparison/005-3-1.png> <E:/image_
lab/packaging_folding/FoldingNetGit/FoldingNet/FoldingNet_Doc/images/comparison
/001-1-2.png> <E:/image_lab/packaging_folding/FoldingNetGit/FoldingNet/FoldingN
et_Doc/images/comparison/001-2-2.png> <E:/image_lab/packaging_folding/FoldingNe
tGit/FoldingNet/FoldingNet_Doc/images/comparison/001-3-2.png> <E:/image_lab/pac
kaging_folding/FoldingNetGit/FoldingNet/FoldingNet_Doc/images/comparison/002-1-
2.png> <E:/image_lab/packaging_folding/FoldingNetGit/FoldingNet/FoldingNet_Doc/
images/comparison/002-2-2.png> <E:/image_lab/packaging_folding/FoldingNetGit/Fo
ldingNet/FoldingNet_Doc/images/comparison/002-3-2.png> <E:/image_lab/packaging_
folding/FoldingNetGit/FoldingNet/FoldingNet_Doc/images/comparison/004-1-2.png> 
<E:/image_lab/packaging_folding/FoldingNetGit/FoldingNet/FoldingNet_Doc/images/
comparison/004-2-2.png> <E:/image_lab/packaging_folding/FoldingNetGit/FoldingNe
t/FoldingNet_Doc/images/comparison/004-3-2.png> <E:/image_lab/packaging_folding
/FoldingNetGit/FoldingNet/FoldingNet_Doc/images/comparison/005-1-2.png> <E:/ima
ge_lab/packaging_folding/FoldingNetGit/FoldingNet/FoldingNet_Doc/images/compari
son/005-2-2.png> <E:/image_lab/packaging_folding/FoldingNetGit/FoldingNet/Foldi
ngNet_Doc/images/comparison/005-3-2.png>] [6 <E:/image_lab/packaging_folding/Fo
ldingNetGit/FoldingNet/FoldingNet_Doc/images/comparison/1-1.png> <E:/image_lab/
packaging_folding/FoldingNetGit/FoldingNet/FoldingNet_Doc/images/comparison/2-1
.png> <E:/image_lab/packaging_folding/FoldingNetGit/FoldingNet/FoldingNet_Doc/i
mages/comparison/4-1.png> <E:/image_lab/packaging_folding/FoldingNetGit/Folding
Net/FoldingNet_Doc/images/comparison/5-1.png> <E:/image_lab/packaging_folding/F
oldingNetGit/FoldingNet/FoldingNet_Doc/images/comparison/1-2.png> <E:/image_lab
/packaging_folding/FoldingNetGit/FoldingNet/FoldingNet_Doc/images/comparison/2-
2.png> <E:/image_lab/packaging_folding/FoldingNetGit/FoldingNet/FoldingNet_Doc/
images/comparison/4-2.png> <E:/image_lab/packaging_folding/FoldingNetGit/Foldin
gNet/FoldingNet_Doc/images/comparison/5-2.png> <E:/image_lab/packaging_folding/
FoldingNetGit/FoldingNet/FoldingNet_Doc/images/comparison/1-3.png> <E:/image_la
b/packaging_folding/FoldingNetGit/FoldingNet/FoldingNet_Doc/images/comparison/2
-3.png> <E:/image_lab/packaging_folding/FoldingNetGit/FoldingNet/FoldingNet_Doc
/images/comparison/4-3.png> <E:/image_lab/packaging_folding/FoldingNetGit/Foldi
ngNet/FoldingNet_Doc/images/comparison/5-3.png> <E:/image_lab/packaging_folding
/FoldingNetGit/FoldingNet/FoldingNet_Doc/images/comparison/1-4.png> <E:/image_l
ab/packaging_folding/FoldingNetGit/FoldingNet/FoldingNet_Doc/images/comparison/
2-4.png> <E:/image_lab/packaging_folding/FoldingNetGit/FoldingNet/FoldingNet_Do
c/images/comparison/4-4.png> <E:/image_lab/packaging_folding/FoldingNetGit/Fold
ingNet/FoldingNet_Doc/images/comparison/5-4.png>]
Package atveryend Info: Empty hook `AfterLastShipout' on input line 355.

(E:\image_lab\packaging_folding\FoldingNetGit\FoldingNet\FoldingNet_Doc\Folding
Net2.0.aux)
Package atveryend Info: Executing hook `AtVeryEndDocument' on input line 355.
Package atveryend Info: Empty hook `AtEndAfterFileList' on input line 355.
 ) 
Here is how much of TeX's memory you used:
 7897 strings out of 495354
 120759 string characters out of 3183075
 233063 words of memory out of 3000000
 10827 multiletter control sequences out of 15000+200000
 34627 words of font info for 71 fonts, out of 3000000 for 9000
 14 hyphenation exceptions out of 8191
 43i,9n,75p,1369b,393s stack positions out of 5000i,500n,10000p,200000b,50000s
{D:/Program Files/CTEX/MiKTeX/fonts/enc/dvips/fontname/8r.enc}<D:/Program Fil
es/CTEX/MiKTeX/fonts/type1/public/amsfonts/cm/cmbx6.pfb><D:/Program Files/CTEX/
MiKTeX/fonts/type1/public/amsfonts/cm/cmbx9.pfb><D:/Program Files/CTEX/MiKTeX/f
onts/type1/public/amsfonts/cmextra/cmex9.pfb><D:/Program Files/CTEX/MiKTeX/font
s/type1/public/amsfonts/cm/cmmi5.pfb><D:/Program Files/CTEX/MiKTeX/fonts/type1/
public/amsfonts/cm/cmmi6.pfb><D:/Program Files/CTEX/MiKTeX/fonts/type1/public/a
msfonts/cm/cmmi9.pfb><D:/Program Files/CTEX/MiKTeX/fonts/type1/public/amsfonts/
cm/cmr5.pfb><D:/Program Files/CTEX/MiKTeX/fonts/type1/public/amsfonts/cm/cmr6.p
fb><D:/Program Files/CTEX/MiKTeX/fonts/type1/public/amsfonts/cm/cmr9.pfb><D:/Pr
ogram Files/CTEX/MiKTeX/fonts/type1/public/amsfonts/cm/cmsy5.pfb><D:/Program Fi
les/CTEX/MiKTeX/fonts/type1/public/amsfonts/cm/cmsy6.pfb><D:/Program Files/CTEX
/MiKTeX/fonts/type1/public/amsfonts/cm/cmsy8.pfb><D:/Program Files/CTEX/MiKTeX/
fonts/type1/public/amsfonts/cm/cmsy9.pfb><D:/Program Files/CTEX/MiKTeX/fonts/ty
pe1/public/amsfonts/symbols/msbm10.pfb><D:/Program Files/CTEX/MiKTeX/fonts/type
1/urw/helvetic/uhvb8a.pfb><D:/Program Files/CTEX/MiKTeX/fonts/type1/urw/helveti
c/uhvr8a.pfb><D:/Program Files/CTEX/MiKTeX/fonts/type1/urw/times/utmb8a.pfb><D:
/Program Files/CTEX/MiKTeX/fonts/type1/urw/times/utmbi8a.pfb><D:/Program Files/
CTEX/MiKTeX/fonts/type1/urw/times/utmr8a.pfb><D:/Program Files/CTEX/MiKTeX/font
s/type1/urw/times/utmri8a.pfb>
Output written on FoldingNet2.0.pdf (6 pages, 6031132 bytes).
PDF statistics:
 316 PDF objects out of 1000 (max. 8388607)
 64 named destinations out of 1000 (max. 500000)
 261 words of extra memory for PDF output out of 10000 (max. 10000000)

